<?xml version="1.0" encoding="UTF-8"?>
<testsuite xmlns:xsi="http://www.w3.org/2001/XMLSchema-instance" xsi:noNamespaceSchemaLocation="https://maven.apache.org/surefire/maven-surefire-plugin/xsd/surefire-test-report.xsd" name="cucumberOptions.TestRunner" time="4,718.104" tests="144" errors="0" skipped="0" failures="4">
  <properties>
    <property name="sun.desktop" value="windows"/>
    <property name="awt.toolkit" value="sun.awt.windows.WToolkit"/>
    <property name="file.encoding.pkg" value="sun.io"/>
    <property name="java.specification.version" value="1.8"/>
    <property name="sun.cpu.isalist" value="amd64"/>
    <property name="sun.jnu.encoding" value="Cp1252"/>
    <property name="java.class.path" value="C:\Users\morara\eclipse-workspace 2\eCommerce\target\test-classes;C:\Users\morara\eclipse-workspace 2\eCommerce\target\classes;C:\Users\morara\.m2\repository\junit\junit\4.11\junit-4.11.jar;C:\Users\morara\.m2\repository\org\hamcrest\hamcrest-core\1.3\hamcrest-core-1.3.jar;C:\Users\morara\.m2\repository\io\cucumber\cucumber-java\4.8.0\cucumber-java-4.8.0.jar;C:\Users\morara\.m2\repository\io\cucumber\cucumber-core\4.8.0\cucumber-core-4.8.0.jar;C:\Users\morara\.m2\repository\io\cucumber\tag-expressions\1.1.1\tag-expressions-1.1.1.jar;C:\Users\morara\.m2\repository\io\cucumber\cucumber-expressions\7.0.2\cucumber-expressions-7.0.2.jar;C:\Users\morara\.m2\repository\io\cucumber\datatable\1.1.14\datatable-1.1.14.jar;C:\Users\morara\.m2\repository\io\cucumber\datatable-dependencies\1.1.14\datatable-dependencies-1.1.14.jar;C:\Users\morara\.m2\repository\org\apiguardian\apiguardian-api\1.1.0\apiguardian-api-1.1.0.jar;C:\Users\morara\.m2\repository\io\cucumber\cucumber-junit\4.8.0\cucumber-junit-4.8.0.jar;C:\Users\morara\.m2\repository\org\seleniumhq\selenium\selenium-java\3.141.59\selenium-java-3.141.59.jar;C:\Users\morara\.m2\repository\org\seleniumhq\selenium\selenium-api\3.141.59\selenium-api-3.141.59.jar;C:\Users\morara\.m2\repository\org\seleniumhq\selenium\selenium-chrome-driver\3.141.59\selenium-chrome-driver-3.141.59.jar;C:\Users\morara\.m2\repository\org\seleniumhq\selenium\selenium-edge-driver\3.141.59\selenium-edge-driver-3.141.59.jar;C:\Users\morara\.m2\repository\org\seleniumhq\selenium\selenium-firefox-driver\3.141.59\selenium-firefox-driver-3.141.59.jar;C:\Users\morara\.m2\repository\org\seleniumhq\selenium\selenium-ie-driver\3.141.59\selenium-ie-driver-3.141.59.jar;C:\Users\morara\.m2\repository\org\seleniumhq\selenium\selenium-opera-driver\3.141.59\selenium-opera-driver-3.141.59.jar;C:\Users\morara\.m2\repository\org\seleniumhq\selenium\selenium-remote-driver\3.141.59\selenium-remote-driver-3.141.59.jar;C:\Users\morara\.m2\repository\org\seleniumhq\selenium\selenium-safari-driver\3.141.59\selenium-safari-driver-3.141.59.jar;C:\Users\morara\.m2\repository\org\seleniumhq\selenium\selenium-support\3.141.59\selenium-support-3.141.59.jar;C:\Users\morara\.m2\repository\net\bytebuddy\byte-buddy\1.8.15\byte-buddy-1.8.15.jar;C:\Users\morara\.m2\repository\org\apache\commons\commons-exec\1.3\commons-exec-1.3.jar;C:\Users\morara\.m2\repository\com\google\guava\guava\25.0-jre\guava-25.0-jre.jar;C:\Users\morara\.m2\repository\com\google\code\findbugs\jsr305\1.3.9\jsr305-1.3.9.jar;C:\Users\morara\.m2\repository\org\checkerframework\checker-compat-qual\2.0.0\checker-compat-qual-2.0.0.jar;C:\Users\morara\.m2\repository\com\google\errorprone\error_prone_annotations\2.1.3\error_prone_annotations-2.1.3.jar;C:\Users\morara\.m2\repository\com\google\j2objc\j2objc-annotations\1.1\j2objc-annotations-1.1.jar;C:\Users\morara\.m2\repository\org\codehaus\mojo\animal-sniffer-annotations\1.14\animal-sniffer-annotations-1.14.jar;C:\Users\morara\.m2\repository\com\squareup\okhttp3\okhttp\3.11.0\okhttp-3.11.0.jar;C:\Users\morara\.m2\repository\com\squareup\okio\okio\1.14.0\okio-1.14.0.jar;C:\Users\morara\.m2\repository\de\monochromata\cucumber\reporting-plugin\3.0.17\reporting-plugin-3.0.17.jar;C:\Users\morara\.m2\repository\io\cucumber\gherkin\5.1.0\gherkin-5.1.0.jar;C:\Users\morara\.m2\repository\io\cucumber\gherkin-jvm-deps\1.0.4\gherkin-jvm-deps-1.0.4.jar;C:\Users\morara\.m2\repository\net\masterthought\cucumber-reporting\4.11.2\cucumber-reporting-4.11.2.jar;C:\Users\morara\.m2\repository\com\fasterxml\jackson\core\jackson-databind\2.9.9.3\jackson-databind-2.9.9.3.jar;C:\Users\morara\.m2\repository\com\fasterxml\jackson\core\jackson-annotations\2.9.0\jackson-annotations-2.9.0.jar;C:\Users\morara\.m2\repository\com\fasterxml\jackson\core\jackson-core\2.9.9\jackson-core-2.9.9.jar;C:\Users\morara\.m2\repository\org\apache\velocity\velocity\1.7\velocity-1.7.jar;C:\Users\morara\.m2\repository\commons-lang\commons-lang\2.4\commons-lang-2.4.jar;C:\Users\morara\.m2\repository\commons-collections\commons-collections\3.2.2\commons-collections-3.2.2.jar;C:\Users\morara\.m2\repository\velocity-tools\velocity-tools\1.4\velocity-tools-1.4.jar;C:\Users\morara\.m2\repository\joda-time\joda-time\2.10.2\joda-time-2.10.2.jar;C:\Users\morara\.m2\repository\org\apache\commons\commons-lang3\3.9\commons-lang3-3.9.jar;C:\Users\morara\.m2\repository\commons-io\commons-io\2.6\commons-io-2.6.jar;C:\Users\morara\.m2\repository\org\codehaus\plexus\plexus-utils\3.2.0\plexus-utils-3.2.0.jar;C:\Users\morara\.m2\repository\org\jsoup\jsoup\1.12.1\jsoup-1.12.1.jar;C:\Users\morara\.m2\repository\com\googlecode\owasp-java-html-sanitizer\owasp-java-html-sanitizer\20190610.1\owasp-java-html-sanitizer-20190610.1.jar;C:\Users\morara\.m2\repository\commons-configuration\commons-configuration\1.10\commons-configuration-1.10.jar;C:\Users\morara\.m2\repository\commons-logging\commons-logging\1.1.1\commons-logging-1.1.1.jar;"/>
    <property name="java.vm.vendor" value="Oracle Corporation"/>
    <property name="sun.arch.data.model" value="64"/>
    <property name="user.variant" value=""/>
    <property name="java.vendor.url" value="http://java.oracle.com/"/>
    <property name="user.timezone" value="America/Mexico_City"/>
    <property name="user.country.format" value="MX"/>
    <property name="java.vm.specification.version" value="1.8"/>
    <property name="os.name" value="Windows 10"/>
    <property name="user.country" value="US"/>
    <property name="sun.java.launcher" value="SUN_STANDARD"/>
    <property name="sun.boot.library.path" value="C:\Program Files\Java\jdk1.8.0_144\jre\bin"/>
    <property name="sun.java.command" value="C:\Users\morara\AppData\Local\Temp\surefire634819896376337441\surefirebooter7417417598291810547.jar C:\Users\morara\AppData\Local\Temp\surefire634819896376337441 2020-01-29T17-17-41_719-jvmRun1 surefire5469581623372221062tmp surefire_02232281691605549447tmp"/>
    <property name="surefire.test.class.path" value="C:\Users\morara\eclipse-workspace 2\eCommerce\target\test-classes;C:\Users\morara\eclipse-workspace 2\eCommerce\target\classes;C:\Users\morara\.m2\repository\junit\junit\4.11\junit-4.11.jar;C:\Users\morara\.m2\repository\org\hamcrest\hamcrest-core\1.3\hamcrest-core-1.3.jar;C:\Users\morara\.m2\repository\io\cucumber\cucumber-java\4.8.0\cucumber-java-4.8.0.jar;C:\Users\morara\.m2\repository\io\cucumber\cucumber-core\4.8.0\cucumber-core-4.8.0.jar;C:\Users\morara\.m2\repository\io\cucumber\tag-expressions\1.1.1\tag-expressions-1.1.1.jar;C:\Users\morara\.m2\repository\io\cucumber\cucumber-expressions\7.0.2\cucumber-expressions-7.0.2.jar;C:\Users\morara\.m2\repository\io\cucumber\datatable\1.1.14\datatable-1.1.14.jar;C:\Users\morara\.m2\repository\io\cucumber\datatable-dependencies\1.1.14\datatable-dependencies-1.1.14.jar;C:\Users\morara\.m2\repository\org\apiguardian\apiguardian-api\1.1.0\apiguardian-api-1.1.0.jar;C:\Users\morara\.m2\repository\io\cucumber\cucumber-junit\4.8.0\cucumber-junit-4.8.0.jar;C:\Users\morara\.m2\repository\org\seleniumhq\selenium\selenium-java\3.141.59\selenium-java-3.141.59.jar;C:\Users\morara\.m2\repository\org\seleniumhq\selenium\selenium-api\3.141.59\selenium-api-3.141.59.jar;C:\Users\morara\.m2\repository\org\seleniumhq\selenium\selenium-chrome-driver\3.141.59\selenium-chrome-driver-3.141.59.jar;C:\Users\morara\.m2\repository\org\seleniumhq\selenium\selenium-edge-driver\3.141.59\selenium-edge-driver-3.141.59.jar;C:\Users\morara\.m2\repository\org\seleniumhq\selenium\selenium-firefox-driver\3.141.59\selenium-firefox-driver-3.141.59.jar;C:\Users\morara\.m2\repository\org\seleniumhq\selenium\selenium-ie-driver\3.141.59\selenium-ie-driver-3.141.59.jar;C:\Users\morara\.m2\repository\org\seleniumhq\selenium\selenium-opera-driver\3.141.59\selenium-opera-driver-3.141.59.jar;C:\Users\morara\.m2\repository\org\seleniumhq\selenium\selenium-remote-driver\3.141.59\selenium-remote-driver-3.141.59.jar;C:\Users\morara\.m2\repository\org\seleniumhq\selenium\selenium-safari-driver\3.141.59\selenium-safari-driver-3.141.59.jar;C:\Users\morara\.m2\repository\org\seleniumhq\selenium\selenium-support\3.141.59\selenium-support-3.141.59.jar;C:\Users\morara\.m2\repository\net\bytebuddy\byte-buddy\1.8.15\byte-buddy-1.8.15.jar;C:\Users\morara\.m2\repository\org\apache\commons\commons-exec\1.3\commons-exec-1.3.jar;C:\Users\morara\.m2\repository\com\google\guava\guava\25.0-jre\guava-25.0-jre.jar;C:\Users\morara\.m2\repository\com\google\code\findbugs\jsr305\1.3.9\jsr305-1.3.9.jar;C:\Users\morara\.m2\repository\org\checkerframework\checker-compat-qual\2.0.0\checker-compat-qual-2.0.0.jar;C:\Users\morara\.m2\repository\com\google\errorprone\error_prone_annotations\2.1.3\error_prone_annotations-2.1.3.jar;C:\Users\morara\.m2\repository\com\google\j2objc\j2objc-annotations\1.1\j2objc-annotations-1.1.jar;C:\Users\morara\.m2\repository\org\codehaus\mojo\animal-sniffer-annotations\1.14\animal-sniffer-annotations-1.14.jar;C:\Users\morara\.m2\repository\com\squareup\okhttp3\okhttp\3.11.0\okhttp-3.11.0.jar;C:\Users\morara\.m2\repository\com\squareup\okio\okio\1.14.0\okio-1.14.0.jar;C:\Users\morara\.m2\repository\de\monochromata\cucumber\reporting-plugin\3.0.17\reporting-plugin-3.0.17.jar;C:\Users\morara\.m2\repository\io\cucumber\gherkin\5.1.0\gherkin-5.1.0.jar;C:\Users\morara\.m2\repository\io\cucumber\gherkin-jvm-deps\1.0.4\gherkin-jvm-deps-1.0.4.jar;C:\Users\morara\.m2\repository\net\masterthought\cucumber-reporting\4.11.2\cucumber-reporting-4.11.2.jar;C:\Users\morara\.m2\repository\com\fasterxml\jackson\core\jackson-databind\2.9.9.3\jackson-databind-2.9.9.3.jar;C:\Users\morara\.m2\repository\com\fasterxml\jackson\core\jackson-annotations\2.9.0\jackson-annotations-2.9.0.jar;C:\Users\morara\.m2\repository\com\fasterxml\jackson\core\jackson-core\2.9.9\jackson-core-2.9.9.jar;C:\Users\morara\.m2\repository\org\apache\velocity\velocity\1.7\velocity-1.7.jar;C:\Users\morara\.m2\repository\commons-lang\commons-lang\2.4\commons-lang-2.4.jar;C:\Users\morara\.m2\repository\commons-collections\commons-collections\3.2.2\commons-collections-3.2.2.jar;C:\Users\morara\.m2\repository\velocity-tools\velocity-tools\1.4\velocity-tools-1.4.jar;C:\Users\morara\.m2\repository\joda-time\joda-time\2.10.2\joda-time-2.10.2.jar;C:\Users\morara\.m2\repository\org\apache\commons\commons-lang3\3.9\commons-lang3-3.9.jar;C:\Users\morara\.m2\repository\commons-io\commons-io\2.6\commons-io-2.6.jar;C:\Users\morara\.m2\repository\org\codehaus\plexus\plexus-utils\3.2.0\plexus-utils-3.2.0.jar;C:\Users\morara\.m2\repository\org\jsoup\jsoup\1.12.1\jsoup-1.12.1.jar;C:\Users\morara\.m2\repository\com\googlecode\owasp-java-html-sanitizer\owasp-java-html-sanitizer\20190610.1\owasp-java-html-sanitizer-20190610.1.jar;C:\Users\morara\.m2\repository\commons-configuration\commons-configuration\1.10\commons-configuration-1.10.jar;C:\Users\morara\.m2\repository\commons-logging\commons-logging\1.1.1\commons-logging-1.1.1.jar;"/>
    <property name="sun.cpu.endian" value="little"/>
    <property name="user.home" value="C:\Users\morara"/>
    <property name="user.language" value="en"/>
    <property name="java.specification.vendor" value="Oracle Corporation"/>
    <property name="java.home" value="C:\Program Files\Java\jdk1.8.0_144\jre"/>
    <property name="basedir" value="C:\Users\morara\eclipse-workspace 2\eCommerce"/>
    <property name="file.separator" value="\"/>
    <property name="line.separator" value="&#10;"/>
    <property name="java.vm.specification.vendor" value="Oracle Corporation"/>
    <property name="java.specification.name" value="Java Platform API Specification"/>
    <property name="java.awt.graphicsenv" value="sun.awt.Win32GraphicsEnvironment"/>
    <property name="surefire.real.class.path" value="C:\Users\morara\AppData\Local\Temp\surefire634819896376337441\surefirebooter7417417598291810547.jar"/>
    <property name="sun.boot.class.path" value="C:\Program Files\Java\jdk1.8.0_144\jre\lib\resources.jar;C:\Program Files\Java\jdk1.8.0_144\jre\lib\rt.jar;C:\Program Files\Java\jdk1.8.0_144\jre\lib\sunrsasign.jar;C:\Program Files\Java\jdk1.8.0_144\jre\lib\jsse.jar;C:\Program Files\Java\jdk1.8.0_144\jre\lib\jce.jar;C:\Program Files\Java\jdk1.8.0_144\jre\lib\charsets.jar;C:\Program Files\Java\jdk1.8.0_144\jre\lib\jfr.jar;C:\Program Files\Java\jdk1.8.0_144\jre\classes"/>
    <property name="user.script" value=""/>
    <property name="sun.management.compiler" value="HotSpot 64-Bit Tiered Compilers"/>
    <property name="java.runtime.version" value="1.8.0_144-b01"/>
    <property name="user.name" value="morara"/>
    <property name="path.separator" value=";"/>
    <property name="os.version" value="10.0"/>
    <property name="java.endorsed.dirs" value="C:\Program Files\Java\jdk1.8.0_144\jre\lib\endorsed"/>
    <property name="java.runtime.name" value="Java(TM) SE Runtime Environment"/>
    <property name="file.encoding" value="Cp1252"/>
    <property name="java.vm.name" value="Java HotSpot(TM) 64-Bit Server VM"/>
    <property name="localRepository" value="C:\Users\morara\.m2\repository"/>
    <property name="cucumber.options" value="--tags @SourceCodeTest"/>
    <property name="java.vendor.url.bug" value="http://bugreport.sun.com/bugreport/"/>
    <property name="java.io.tmpdir" value="C:\Users\morara\AppData\Local\Temp\"/>
    <property name="java.version" value="1.8.0_144"/>
    <property name="user.dir" value="C:\Users\morara\eclipse-workspace 2\eCommerce"/>
    <property name="os.arch" value="amd64"/>
    <property name="java.vm.specification.name" value="Java Virtual Machine Specification"/>
    <property name="java.awt.printerjob" value="sun.awt.windows.WPrinterJob"/>
    <property name="user.language.format" value="es"/>
    <property name="sun.os.patch.level" value=""/>
    <property name="java.library.path" value="C:\Program Files\Java\jdk1.8.0_144\jre\bin;C:\windows\Sun\Java\bin;C:\windows\system32;C:\windows;C:\Program Files (x86)\Common Files\Oracle\Java\javapath;C:\windows\system32;C:\windows;C:\windows\System32\Wbem;C:\windows\System32\WindowsPowerShell\v1.0\;C:\Program Files\Microsoft SQL Server\Client SDK\ODBC\130\Tools\Binn\;C:\Program Files (x86)\Microsoft SQL Server\140\Tools\Binn\;C:\Program Files\Microsoft SQL Server\140\Tools\Binn\;C:\Program Files\Microsoft SQL Server\140\DTS\Binn\;C:\Program Files (x86)\Microsoft SQL Server\150\DTS\Binn\;C:\Program Files\Java\jdk1.8.0_144\bin;C:\apache-maven-3.6.3\bin;C:\Program Files\Git\cmd;C:\Users\morara\AppData\Local\Programs\Python\Python37-32\Scripts\;C:\Users\morara\AppData\Local\Programs\Python\Python37-32\;C:\Users\morara\AppData\Local\Microsoft\WindowsApps;C:\Users\morara\AppData\Local\atom\bin;C:\MinGW\bin;;."/>
    <property name="java.vm.info" value="mixed mode"/>
    <property name="java.vendor" value="Oracle Corporation"/>
    <property name="java.vm.version" value="25.144-b01"/>
    <property name="java.ext.dirs" value="C:\Program Files\Java\jdk1.8.0_144\jre\lib\ext;C:\windows\Sun\Java\lib\ext"/>
    <property name="sun.io.unicode.encoding" value="UnicodeLittle"/>
    <property name="java.class.version" value="52.0"/>
  </properties>
  <testcase name="Verify the title format in page source" classname="Sourcecode verifications" time="18.005"/>
  <testcase name="Verify the title format in page source" classname="Sourcecode verifications" time="12.318"/>
  <testcase name="Verify the title format in page source" classname="Sourcecode verifications" time="12.263"/>
  <testcase name="Verify the title format in page source" classname="Sourcecode verifications" time="11.682"/>
  <testcase name="Verify the title format in page source" classname="Sourcecode verifications" time="13.336"/>
  <testcase name="Verify the title format in page source" classname="Sourcecode verifications" time="13.33"/>
  <testcase name="Verify the title format in page source" classname="Sourcecode verifications" time="10.868"/>
  <testcase name="Verify the title format in page source" classname="Sourcecode verifications" time="14.616"/>
  <testcase name="Verify the title format in page source" classname="Sourcecode verifications" time="16.49"/>
  <testcase name="Verify the title format in page source" classname="Sourcecode verifications" time="13.357"/>
  <testcase name="Verify the title format in page source" classname="Sourcecode verifications" time="15.051"/>
  <testcase name="Verify the title format in page source" classname="Sourcecode verifications" time="14.006"/>
  <testcase name="Verify the title format in page source" classname="Sourcecode verifications" time="12.223"/>
  <testcase name="Verify the title format in page source" classname="Sourcecode verifications" time="15.27"/>
  <testcase name="Verify the title format in page source" classname="Sourcecode verifications" time="14.637"/>
  <testcase name="Verify the title format in page source" classname="Sourcecode verifications" time="12.047"/>
  <testcase name="Verify the title format in page source" classname="Sourcecode verifications" time="13.841"/>
  <testcase name="Verify the title format in page source" classname="Sourcecode verifications" time="13.104"/>
  <testcase name="Verify the title format in page source" classname="Sourcecode verifications" time="14.64"/>
  <testcase name="Verify the title format in page source" classname="Sourcecode verifications" time="10.933"/>
  <testcase name="Verify the title format in page source" classname="Sourcecode verifications" time="12.814"/>
  <testcase name="Verify the title format in page source" classname="Sourcecode verifications" time="11.742"/>
  <testcase name="Verify the title format in page source" classname="Sourcecode verifications" time="11.451"/>
  <testcase name="Verify the title format in page source" classname="Sourcecode verifications" time="13.232"/>
  <testcase name="Verify the title format in page source" classname="Sourcecode verifications" time="12.778"/>
  <testcase name="Verify the title format in page source" classname="Sourcecode verifications" time="12.812"/>
  <testcase name="Verify the title format in page source" classname="Sourcecode verifications" time="9.856"/>
  <testcase name="Verify the title format in page source" classname="Sourcecode verifications" time="13.397"/>
  <testcase name="Verify the title format in page source" classname="Sourcecode verifications" time="11.624"/>
  <testcase name="Verify the title format in page source" classname="Sourcecode verifications" time="12.214"/>
  <testcase name="Verify the title format in page source" classname="Sourcecode verifications" time="12.497"/>
  <testcase name="Verify the title format in page source" classname="Sourcecode verifications" time="11.776"/>
  <testcase name="Verify the title format in page source" classname="Sourcecode verifications" time="11.174"/>
  <testcase name="Verify the title format in page source" classname="Sourcecode verifications" time="11.638"/>
  <testcase name="Verify the title format in page source" classname="Sourcecode verifications" time="23.505"/>
  <testcase name="Verify the title format in page source" classname="Sourcecode verifications" time="13.171"/>
  <testcase name="Verify the canonical URL of the page" classname="Sourcecode verifications" time="37.883"/>
  <testcase name="Verify the canonical URL of the page" classname="Sourcecode verifications" time="40.049"/>
  <testcase name="Verify the canonical URL of the page" classname="Sourcecode verifications" time="49.428"/>
  <testcase name="Verify the canonical URL of the page" classname="Sourcecode verifications" time="38.77"/>
  <testcase name="Verify the canonical URL of the page" classname="Sourcecode verifications" time="42.933"/>
  <testcase name="Verify the canonical URL of the page" classname="Sourcecode verifications" time="44.603"/>
  <testcase name="Verify the canonical URL of the page" classname="Sourcecode verifications" time="46.846"/>
  <testcase name="Verify the canonical URL of the page" classname="Sourcecode verifications" time="47.059"/>
  <testcase name="Verify the canonical URL of the page" classname="Sourcecode verifications" time="43.375"/>
  <testcase name="Verify the canonical URL of the page" classname="Sourcecode verifications" time="41.525"/>
  <testcase name="Verify the canonical URL of the page" classname="Sourcecode verifications" time="51.939"/>
  <testcase name="Verify the canonical URL of the page" classname="Sourcecode verifications" time="44.357"/>
  <testcase name="Verify the canonical URL of the page" classname="Sourcecode verifications" time="43.294"/>
  <testcase name="Verify the canonical URL of the page" classname="Sourcecode verifications" time="42.968"/>
  <testcase name="Verify the canonical URL of the page" classname="Sourcecode verifications" time="46.603"/>
  <testcase name="Verify the canonical URL of the page" classname="Sourcecode verifications" time="52.162"/>
  <testcase name="Verify the canonical URL of the page" classname="Sourcecode verifications" time="44.096"/>
  <testcase name="Verify the canonical URL of the page" classname="Sourcecode verifications" time="40.442"/>
  <testcase name="Verify the canonical URL of the page" classname="Sourcecode verifications" time="41.945"/>
  <testcase name="Verify the canonical URL of the page" classname="Sourcecode verifications" time="34.731"/>
  <testcase name="Verify the canonical URL of the page" classname="Sourcecode verifications" time="38.986"/>
  <testcase name="Verify the canonical URL of the page" classname="Sourcecode verifications" time="54.951">
    <failure type="java.lang.AssertionError">java.lang.AssertionError
</failure>
    <system-out><![CDATA[
  @SourceCodeTest
  Scenario Outline: Verify the canonical URL of the page                    &amp#27;[90m# src/test/java/features/SourceCode.feature:176&amp#27;[0m
C:\Users\morara\eclipse-workspace 2\eCommerce
Header Menu is loaded
    &amp#27;[32mGiven &amp#27;[0m&amp#27;[32mUser is on StoreFront homepage with &amp#27;[0m&amp#27;[32m&amp#27;[1mhttps://uat.buy.hpe.com/nl/en&amp#27;[0m &amp#27;[90m# StepsDefinitions.user_is_on_storefront_homepage_with(String)&amp#27;[0m
Canonical URL: https://uat.buy.hpe.com/nl/en
    &amp#27;[32mThen &amp#27;[0m&amp#27;[32mCanonical URL is displayed in source&amp#27;[0m                               &amp#27;[90m# StepsDefinitions.canonical_url_is_displayed_in_source()&amp#27;[0m
PLP Page opened
    &amp#27;[32mWhen &amp#27;[0m&amp#27;[32mUser goes to Servers Catalog&amp#27;[0m                                       &amp#27;[90m# StepsDefinitions.user_goes_to_servers_catalog()&amp#27;[0m
Canonical URL: https://uat.buy.hpe.com/nl/en/servers/c/15351
    &amp#27;[32mThen &amp#27;[0m&amp#27;[32mCanonical URL is displayed in source&amp#27;[0m                               &amp#27;[90m# StepsDefinitions.canonical_url_is_displayed_in_source()&amp#27;[0m
SRP page loaded
    &amp#27;[32mAnd &amp#27;[0m&amp#27;[32mUser searches for "&amp#27;[0m&amp#27;[32m&amp#27;[1mDL380&amp#27;[0m&amp#27;[32m"&amp#27;[0m                                           &amp#27;[90m# StepsDefinitions.user_searches_for_something(String)&amp#27;[0m
Something went wrong: org.openqa.selenium.NoSuchElementException: no such element: Unable to locate element: {"method":"xpath","selector":"//link[@rel="canonical"]"}
  (Session info: chrome=79.0.3945.130)
For documentation on this error, please visit: https://www.seleniumhq.org/exceptions/no_such_element.html
Build info: version: '3.141.59', revision: 'e82be7d358', time: '2018-11-14T08:17:03'
System info: host: 'BICY5QHRAR', ip: '16.116.160.128', os.name: 'Windows 10', os.arch: 'amd64', os.version: '10.0', java.version: '1.8.0_144'
Driver info: org.openqa.selenium.chrome.ChromeDriver
Capabilities {acceptInsecureCerts: false, browserName: chrome, browserVersion: 79.0.3945.130, chrome: {chromedriverVersion: 78.0.3904.70 (edb9c9f3de024..., userDataDir: C:\Users\morara\AppData\Loc...}, goog:chromeOptions: {debuggerAddress: localhost:64074}, javascriptEnabled: true, networkConnectionEnabled: false, pageLoadStrategy: normal, platform: XP, platformName: XP, proxy: Proxy(), setWindowRect: true, strictFileInteractability: false, timeouts: {implicit: 0, pageLoad: 300000, script: 30000}, unhandledPromptBehavior: dismiss and notify}
Session ID: 5ee4e371384c5d191554753570167649
*** Element info: {Using=xpath, value=//link[@rel="canonical"]}
    &amp#27;[31mThen &amp#27;[0m&amp#27;[31mCanonical URL is displayed in source&amp#27;[0m                               &amp#27;[90m# StepsDefinitions.canonical_url_is_displayed_in_source()&amp#27;[0m
      &amp#27;[31mjava.lang.AssertionError
	at org.junit.Assert.fail(Assert.java:86)
	at org.junit.Assert.assertTrue(Assert.java:41)
	at org.junit.Assert.assertTrue(Assert.java:52)
	at stepDefinitions.StepsDefinitions.canonical_url_is_displayed_in_source(StepsDefinitions.java:161)
	at ?.Canonical URL is displayed in source(file:src/test/java/features/SourceCode.feature:150)
&amp#27;[0m
    &amp#27;[36mAnd &amp#27;[0m&amp#27;[36mUser searches and opens "&amp#27;[0m&amp#27;[36m&amp#27;[1mDL380&amp#27;[0m&amp#27;[36m"&amp#27;[0m                                     &amp#27;[90m# StepsDefinitions.user_searches_and_opens_something(String)&amp#27;[0m
    &amp#27;[36mThen &amp#27;[0m&amp#27;[36mCanonical URL is displayed in source&amp#27;[0m                               &amp#27;[90m# StepsDefinitions.canonical_url_is_displayed_in_source()&amp#27;[0m
]]></system-out>
    <system-err><![CDATA[Starting ChromeDriver 78.0.3904.70 (edb9c9f3de0247fd912a77b7f6cae7447f6d3ad5-refs/branch-heads/3904@{#800}) on port 37542
Only local connections are allowed.
Please protect ports used by ChromeDriver and related test frameworks to prevent access by malicious code.
[1580341257.165][WARNING]: This version of ChromeDriver has not been tested with Chrome version 79.
ene 29, 2020 5:40:58 PM org.openqa.selenium.remote.ProtocolHandshake createSession
INFO: Detected dialect: W3C
]]></system-err>
  </testcase>
  <testcase name="Verify the canonical URL of the page" classname="Sourcecode verifications" time="37.759"/>
  <testcase name="Verify the canonical URL of the page" classname="Sourcecode verifications" time="51.629">
    <failure type="java.lang.AssertionError">java.lang.AssertionError
</failure>
    <system-out><![CDATA[
  @SourceCodeTest
  Scenario Outline: Verify the canonical URL of the page                    &amp#27;[90m# src/test/java/features/SourceCode.feature:178&amp#27;[0m
C:\Users\morara\eclipse-workspace 2\eCommerce
Header Menu is loaded
    &amp#27;[32mGiven &amp#27;[0m&amp#27;[32mUser is on StoreFront homepage with &amp#27;[0m&amp#27;[32m&amp#27;[1mhttps://uat.buy.hpe.com/se/en&amp#27;[0m &amp#27;[90m# StepsDefinitions.user_is_on_storefront_homepage_with(String)&amp#27;[0m
Canonical URL: https://uat.buy.hpe.com/se/en
    &amp#27;[32mThen &amp#27;[0m&amp#27;[32mCanonical URL is displayed in source&amp#27;[0m                               &amp#27;[90m# StepsDefinitions.canonical_url_is_displayed_in_source()&amp#27;[0m
PLP Page opened
    &amp#27;[32mWhen &amp#27;[0m&amp#27;[32mUser goes to Servers Catalog&amp#27;[0m                                       &amp#27;[90m# StepsDefinitions.user_goes_to_servers_catalog()&amp#27;[0m
Canonical URL: https://uat.buy.hpe.com/se/en/servers/c/15351
    &amp#27;[32mThen &amp#27;[0m&amp#27;[32mCanonical URL is displayed in source&amp#27;[0m                               &amp#27;[90m# StepsDefinitions.canonical_url_is_displayed_in_source()&amp#27;[0m
SRP page loaded
    &amp#27;[32mAnd &amp#27;[0m&amp#27;[32mUser searches for "&amp#27;[0m&amp#27;[32m&amp#27;[1mDL380&amp#27;[0m&amp#27;[32m"&amp#27;[0m                                           &amp#27;[90m# StepsDefinitions.user_searches_for_something(String)&amp#27;[0m
Something went wrong: org.openqa.selenium.NoSuchElementException: no such element: Unable to locate element: {"method":"xpath","selector":"//link[@rel="canonical"]"}
  (Session info: chrome=79.0.3945.130)
For documentation on this error, please visit: https://www.seleniumhq.org/exceptions/no_such_element.html
Build info: version: '3.141.59', revision: 'e82be7d358', time: '2018-11-14T08:17:03'
System info: host: 'BICY5QHRAR', ip: '16.116.160.128', os.name: 'Windows 10', os.arch: 'amd64', os.version: '10.0', java.version: '1.8.0_144'
Driver info: org.openqa.selenium.chrome.ChromeDriver
Capabilities {acceptInsecureCerts: false, browserName: chrome, browserVersion: 79.0.3945.130, chrome: {chromedriverVersion: 78.0.3904.70 (edb9c9f3de024..., userDataDir: C:\Users\morara\AppData\Loc...}, goog:chromeOptions: {debuggerAddress: localhost:64290}, javascriptEnabled: true, networkConnectionEnabled: false, pageLoadStrategy: normal, platform: XP, platformName: XP, proxy: Proxy(), setWindowRect: true, strictFileInteractability: false, timeouts: {implicit: 0, pageLoad: 300000, script: 30000}, unhandledPromptBehavior: dismiss and notify}
Session ID: 81b7a3408c747d8d3c6a54b256c91a92
*** Element info: {Using=xpath, value=//link[@rel="canonical"]}
    &amp#27;[31mThen &amp#27;[0m&amp#27;[31mCanonical URL is displayed in source&amp#27;[0m                               &amp#27;[90m# StepsDefinitions.canonical_url_is_displayed_in_source()&amp#27;[0m
      &amp#27;[31mjava.lang.AssertionError
	at org.junit.Assert.fail(Assert.java:86)
	at org.junit.Assert.assertTrue(Assert.java:41)
	at org.junit.Assert.assertTrue(Assert.java:52)
	at stepDefinitions.StepsDefinitions.canonical_url_is_displayed_in_source(StepsDefinitions.java:161)
	at ?.Canonical URL is displayed in source(file:src/test/java/features/SourceCode.feature:150)
&amp#27;[0m
    &amp#27;[36mAnd &amp#27;[0m&amp#27;[36mUser searches and opens "&amp#27;[0m&amp#27;[36m&amp#27;[1mDL380&amp#27;[0m&amp#27;[36m"&amp#27;[0m                                     &amp#27;[90m# StepsDefinitions.user_searches_and_opens_something(String)&amp#27;[0m
    &amp#27;[36mThen &amp#27;[0m&amp#27;[36mCanonical URL is displayed in source&amp#27;[0m                               &amp#27;[90m# StepsDefinitions.canonical_url_is_displayed_in_source()&amp#27;[0m
]]></system-out>
    <system-err><![CDATA[Starting ChromeDriver 78.0.3904.70 (edb9c9f3de0247fd912a77b7f6cae7447f6d3ad5-refs/branch-heads/3904@{#800}) on port 48391
Only local connections are allowed.
Please protect ports used by ChromeDriver and related test frameworks to prevent access by malicious code.
[1580341349.887][WARNING]: This version of ChromeDriver has not been tested with Chrome version 79.
ene 29, 2020 5:42:30 PM org.openqa.selenium.remote.ProtocolHandshake createSession
INFO: Detected dialect: W3C
]]></system-err>
  </testcase>
  <testcase name="Verify the canonical URL of the page" classname="Sourcecode verifications" time="47.35"/>
  <testcase name="Verify the canonical URL of the page" classname="Sourcecode verifications" time="43.477"/>
  <testcase name="Verify the canonical URL of the page" classname="Sourcecode verifications" time="37.674"/>
  <testcase name="Verify the canonical URL of the page" classname="Sourcecode verifications" time="38.601"/>
  <testcase name="Verify the canonical URL of the page" classname="Sourcecode verifications" time="38.226"/>
  <testcase name="Verify the canonical URL of the page" classname="Sourcecode verifications" time="44.513"/>
  <testcase name="Verify the canonical URL of the page" classname="Sourcecode verifications" time="39.868"/>
  <testcase name="Verify the canonical URL of the page" classname="Sourcecode verifications" time="39.473"/>
  <testcase name="Verify the canonical URL of the page" classname="Sourcecode verifications" time="36.881"/>
  <testcase name="Verify the canonical URL of the page" classname="Sourcecode verifications" time="39.937"/>
  <testcase name="Verify the canonical URL of the page" classname="Sourcecode verifications" time="38.171"/>
  <testcase name="Verify the canonical URL of the page" classname="Sourcecode verifications" time="39.49"/>
  <testcase name="Verify the display of social meta tags" classname="Sourcecode verifications" time="38.668"/>
  <testcase name="Verify the display of social meta tags" classname="Sourcecode verifications" time="31.189"/>
  <testcase name="Verify the display of social meta tags" classname="Sourcecode verifications" time="31.625"/>
  <testcase name="Verify the display of social meta tags" classname="Sourcecode verifications" time="35.522"/>
  <testcase name="Verify the display of social meta tags" classname="Sourcecode verifications" time="35.509"/>
  <testcase name="Verify the display of social meta tags" classname="Sourcecode verifications" time="34.465"/>
  <testcase name="Verify the display of social meta tags" classname="Sourcecode verifications" time="35.076"/>
  <testcase name="Verify the display of social meta tags" classname="Sourcecode verifications" time="37.535"/>
  <testcase name="Verify the display of social meta tags" classname="Sourcecode verifications" time="38.47"/>
  <testcase name="Verify the display of social meta tags" classname="Sourcecode verifications" time="32.421"/>
  <testcase name="Verify the display of social meta tags" classname="Sourcecode verifications" time="32.336"/>
  <testcase name="Verify the display of social meta tags" classname="Sourcecode verifications" time="25.761"/>
  <testcase name="Verify the display of social meta tags" classname="Sourcecode verifications" time="33.725"/>
  <testcase name="Verify the display of social meta tags" classname="Sourcecode verifications" time="47.84"/>
  <testcase name="Verify the display of social meta tags" classname="Sourcecode verifications" time="37.533"/>
  <testcase name="Verify the display of social meta tags" classname="Sourcecode verifications" time="37.906"/>
  <testcase name="Verify the display of social meta tags" classname="Sourcecode verifications" time="32.69"/>
  <testcase name="Verify the display of social meta tags" classname="Sourcecode verifications" time="32.341"/>
  <testcase name="Verify the display of social meta tags" classname="Sourcecode verifications" time="37.736"/>
  <testcase name="Verify the display of social meta tags" classname="Sourcecode verifications" time="37.883"/>
  <testcase name="Verify the display of social meta tags" classname="Sourcecode verifications" time="35.288"/>
  <testcase name="Verify the display of social meta tags" classname="Sourcecode verifications" time="96.714">
    <failure type="java.lang.AssertionError">java.lang.AssertionError
</failure>
    <system-out><![CDATA[
  @SourceCodeTest
  Scenario Outline: Verify the display of social meta tags                  &amp#27;[90m# src/test/java/features/SourceCode.feature:223&amp#27;[0m
C:\Users\morara\eclipse-workspace 2\eCommerce
Header Menu is loaded
    &amp#27;[32mGiven &amp#27;[0m&amp#27;[32mUser is on StoreFront homepage with &amp#27;[0m&amp#27;[32m&amp#27;[1mhttps://uat.buy.hpe.com/nl/en&amp#27;[0m &amp#27;[90m# StepsDefinitions.user_is_on_storefront_homepage_with(String)&amp#27;[0m
og:url = https://uat.buy.hpe.com/nl/en
og:type = Website
og:title = HPE Store Netherlands
og:description = Shop and Buy Hewlett Packard Enterprise (HPE); enterprise and business products, solutions and services. HPE Store Netherlands
og:image = https://uat.buy.hpe.com/nl/en/medias/logo-hybris.png?context=bWFzdGVyfGltYWdlc3w0NTc0fGltYWdlL3BuZ3xpbWFnZXMvaGM2L2gwOS84ODQ4MzA4OTk0MDc4LnBuZ3xiMjBkNDQ2YWY5NTdkNTFjY2Q1Mjg2MTQyNzZlYzNhNTlhYzIyN2RhOWQxNzFiMzhjZjdhZjgxNDc4ZDdiMTNi
    &amp#27;[32mThen &amp#27;[0m&amp#27;[32mSocial meta tags are displayed&amp#27;[0m                                     &amp#27;[90m# StepsDefinitions.social_meta_tags_are_displayed()&amp#27;[0m
PLP Page opened
    &amp#27;[32mWhen &amp#27;[0m&amp#27;[32mUser goes to Servers Catalog&amp#27;[0m                                       &amp#27;[90m# StepsDefinitions.user_goes_to_servers_catalog()&amp#27;[0m
og:url = https://uat.buy.hpe.com/nl/en/servers/c/15351
og:type = Website
og:title = Servers - HPE Store Netherlands
og:description = Compare & buy affordable, reliable business and enterprise server computers including Proliant, Blade and Micro servers that deliver higher performance. HPE Store Netherlands
og:image = https://uat.buy.hpe.com/nl/en/servers/c/15351/medias/logo-hybris.png?context=bWFzdGVyfGltYWdlc3w0NTc0fGltYWdlL3BuZ3xpbWFnZXMvaGM2L2gwOS84ODQ4MzA4OTk0MDc4LnBuZ3xiMjBkNDQ2YWY5NTdkNTFjY2Q1Mjg2MTQyNzZlYzNhNTlhYzIyN2RhOWQxNzFiMzhjZjdhZjgxNDc4ZDdiMTNi
    &amp#27;[32mThen &amp#27;[0m&amp#27;[32mSocial meta tags are displayed&amp#27;[0m                                     &amp#27;[90m# StepsDefinitions.social_meta_tags_are_displayed()&amp#27;[0m
SRP page loaded
org.openqa.selenium.TimeoutException: Expected condition failed: waiting for visibility of Proxy element for: DefaultElementLocator 'By.xpath: //ul[contains(@class, "product__listing")]/section[1]/div[2]//a' (tried for 30 second(s) with 500 milliseconds interval)
    &amp#27;[32mAnd &amp#27;[0m&amp#27;[32mUser searches and opens "&amp#27;[0m&amp#27;[32m&amp#27;[1mDL380&amp#27;[0m&amp#27;[32m"&amp#27;[0m                                     &amp#27;[90m# StepsDefinitions.user_searches_and_opens_something(String)&amp#27;[0m
Something went wrong :org.openqa.selenium.NoSuchElementException: no such element: Unable to locate element: {"method":"xpath","selector":"//meta[contains(@property, "og:url")]"}
  (Session info: chrome=79.0.3945.130)
For documentation on this error, please visit: https://www.seleniumhq.org/exceptions/no_such_element.html
Build info: version: '3.141.59', revision: 'e82be7d358', time: '2018-11-14T08:17:03'
System info: host: 'BICY5QHRAR', ip: '16.116.160.128', os.name: 'Windows 10', os.arch: 'amd64', os.version: '10.0', java.version: '1.8.0_144'
Driver info: org.openqa.selenium.chrome.ChromeDriver
Capabilities {acceptInsecureCerts: false, browserName: chrome, browserVersion: 79.0.3945.130, chrome: {chromedriverVersion: 78.0.3904.70 (edb9c9f3de024..., userDataDir: C:\Users\morara\AppData\Loc...}, goog:chromeOptions: {debuggerAddress: localhost:51939}, javascriptEnabled: true, networkConnectionEnabled: false, pageLoadStrategy: normal, platform: XP, platformName: XP, proxy: Proxy(), setWindowRect: true, strictFileInteractability: false, timeouts: {implicit: 0, pageLoad: 300000, script: 30000}, unhandledPromptBehavior: dismiss and notify}
Session ID: ebbf7e2b414e774194970ef5fa3589b5
*** Element info: {Using=xpath, value=//meta[contains(@property, "og:url")]}
    &amp#27;[31mThen &amp#27;[0m&amp#27;[31mSocial meta tags are displayed&amp#27;[0m                                     &amp#27;[90m# StepsDefinitions.social_meta_tags_are_displayed()&amp#27;[0m
      &amp#27;[31mjava.lang.AssertionError
	at org.junit.Assert.fail(Assert.java:86)
	at org.junit.Assert.assertTrue(Assert.java:41)
	at org.junit.Assert.assertTrue(Assert.java:52)
	at stepDefinitions.StepsDefinitions.social_meta_tags_are_displayed(StepsDefinitions.java:166)
	at ?.Social meta tags are displayed(file:src/test/java/features/SourceCode.feature:199)
&amp#27;[0m
]]></system-out>
    <system-err><![CDATA[Starting ChromeDriver 78.0.3904.70 (edb9c9f3de0247fd912a77b7f6cae7447f6d3ad5-refs/branch-heads/3904@{#800}) on port 23973
Only local connections are allowed.
Please protect ports used by ChromeDriver and related test frameworks to prevent access by malicious code.
[1580342626.798][WARNING]: This version of ChromeDriver has not been tested with Chrome version 79.
ene 29, 2020 6:03:47 PM org.openqa.selenium.remote.ProtocolHandshake createSession
INFO: Detected dialect: W3C
]]></system-err>
  </testcase>
  <testcase name="Verify the display of social meta tags" classname="Sourcecode verifications" time="35.483"/>
  <testcase name="Verify the display of social meta tags" classname="Sourcecode verifications" time="94.693">
    <failure type="java.lang.AssertionError">java.lang.AssertionError
</failure>
    <system-out><![CDATA[
  @SourceCodeTest
  Scenario Outline: Verify the display of social meta tags                  &amp#27;[90m# src/test/java/features/SourceCode.feature:225&amp#27;[0m
C:\Users\morara\eclipse-workspace 2\eCommerce
Header Menu is loaded
    &amp#27;[32mGiven &amp#27;[0m&amp#27;[32mUser is on StoreFront homepage with &amp#27;[0m&amp#27;[32m&amp#27;[1mhttps://uat.buy.hpe.com/se/en&amp#27;[0m &amp#27;[90m# StepsDefinitions.user_is_on_storefront_homepage_with(String)&amp#27;[0m
og:url = https://uat.buy.hpe.com/se/en
og:type = Website
og:title = HPE Store Sweden
og:description = Shop and Buy Hewlett Packard Enterprise (HPE); enterprise and business products, solutions and services. HPE Store Sweden
og:image = https://uat.buy.hpe.com/se/en/medias/logo-hybris.png?context=bWFzdGVyfGltYWdlc3w0NTc0fGltYWdlL3BuZ3xpbWFnZXMvaGM2L2gwOS84ODQ4MzA4OTk0MDc4LnBuZ3xiMjBkNDQ2YWY5NTdkNTFjY2Q1Mjg2MTQyNzZlYzNhNTlhYzIyN2RhOWQxNzFiMzhjZjdhZjgxNDc4ZDdiMTNi
    &amp#27;[32mThen &amp#27;[0m&amp#27;[32mSocial meta tags are displayed&amp#27;[0m                                     &amp#27;[90m# StepsDefinitions.social_meta_tags_are_displayed()&amp#27;[0m
PLP Page opened
    &amp#27;[32mWhen &amp#27;[0m&amp#27;[32mUser goes to Servers Catalog&amp#27;[0m                                       &amp#27;[90m# StepsDefinitions.user_goes_to_servers_catalog()&amp#27;[0m
og:url = https://uat.buy.hpe.com/se/en/servers/c/15351
og:type = Website
og:title = Servers - HPE Store Sweden
og:description = Compare & buy affordable, reliable business and enterprise server computers including Proliant, Blade and Micro servers that deliver higher performance. HPE Store Sweden
og:image = https://uat.buy.hpe.com/se/en/servers/c/15351/medias/logo-hybris.png?context=bWFzdGVyfGltYWdlc3w0NTc0fGltYWdlL3BuZ3xpbWFnZXMvaGM2L2gwOS84ODQ4MzA4OTk0MDc4LnBuZ3xiMjBkNDQ2YWY5NTdkNTFjY2Q1Mjg2MTQyNzZlYzNhNTlhYzIyN2RhOWQxNzFiMzhjZjdhZjgxNDc4ZDdiMTNi
    &amp#27;[32mThen &amp#27;[0m&amp#27;[32mSocial meta tags are displayed&amp#27;[0m                                     &amp#27;[90m# StepsDefinitions.social_meta_tags_are_displayed()&amp#27;[0m
SRP page loaded
org.openqa.selenium.TimeoutException: Expected condition failed: waiting for visibility of Proxy element for: DefaultElementLocator 'By.xpath: //ul[contains(@class, "product__listing")]/section[1]/div[2]//a' (tried for 30 second(s) with 500 milliseconds interval)
    &amp#27;[32mAnd &amp#27;[0m&amp#27;[32mUser searches and opens "&amp#27;[0m&amp#27;[32m&amp#27;[1mDL380&amp#27;[0m&amp#27;[32m"&amp#27;[0m                                     &amp#27;[90m# StepsDefinitions.user_searches_and_opens_something(String)&amp#27;[0m
Something went wrong :org.openqa.selenium.NoSuchElementException: no such element: Unable to locate element: {"method":"xpath","selector":"//meta[contains(@property, "og:url")]"}
  (Session info: chrome=79.0.3945.130)
For documentation on this error, please visit: https://www.seleniumhq.org/exceptions/no_such_element.html
Build info: version: '3.141.59', revision: 'e82be7d358', time: '2018-11-14T08:17:03'
System info: host: 'BICY5QHRAR', ip: '16.116.160.128', os.name: 'Windows 10', os.arch: 'amd64', os.version: '10.0', java.version: '1.8.0_144'
Driver info: org.openqa.selenium.chrome.ChromeDriver
Capabilities {acceptInsecureCerts: false, browserName: chrome, browserVersion: 79.0.3945.130, chrome: {chromedriverVersion: 78.0.3904.70 (edb9c9f3de024..., userDataDir: C:\Users\morara\AppData\Loc...}, goog:chromeOptions: {debuggerAddress: localhost:52182}, javascriptEnabled: true, networkConnectionEnabled: false, pageLoadStrategy: normal, platform: XP, platformName: XP, proxy: Proxy(), setWindowRect: true, strictFileInteractability: false, timeouts: {implicit: 0, pageLoad: 300000, script: 30000}, unhandledPromptBehavior: dismiss and notify}
Session ID: 834a56a527983caf49eaebb4afd5bd44
*** Element info: {Using=xpath, value=//meta[contains(@property, "og:url")]}
    &amp#27;[31mThen &amp#27;[0m&amp#27;[31mSocial meta tags are displayed&amp#27;[0m                                     &amp#27;[90m# StepsDefinitions.social_meta_tags_are_displayed()&amp#27;[0m
      &amp#27;[31mjava.lang.AssertionError
	at org.junit.Assert.fail(Assert.java:86)
	at org.junit.Assert.assertTrue(Assert.java:41)
	at org.junit.Assert.assertTrue(Assert.java:52)
	at stepDefinitions.StepsDefinitions.social_meta_tags_are_displayed(StepsDefinitions.java:166)
	at ?.Social meta tags are displayed(file:src/test/java/features/SourceCode.feature:199)
&amp#27;[0m
]]></system-out>
    <system-err><![CDATA[Starting ChromeDriver 78.0.3904.70 (edb9c9f3de0247fd912a77b7f6cae7447f6d3ad5-refs/branch-heads/3904@{#800}) on port 16399
Only local connections are allowed.
Please protect ports used by ChromeDriver and related test frameworks to prevent access by malicious code.
[1580342758.899][WARNING]: This version of ChromeDriver has not been tested with Chrome version 79.
ene 29, 2020 6:05:59 PM org.openqa.selenium.remote.ProtocolHandshake createSession
INFO: Detected dialect: W3C
]]></system-err>
  </testcase>
  <testcase name="Verify the display of social meta tags" classname="Sourcecode verifications" time="33.858"/>
  <testcase name="Verify the display of social meta tags" classname="Sourcecode verifications" time="32.837"/>
  <testcase name="Verify the display of social meta tags" classname="Sourcecode verifications" time="35.432"/>
  <testcase name="Verify the display of social meta tags" classname="Sourcecode verifications" time="39.764"/>
  <testcase name="Verify the display of social meta tags" classname="Sourcecode verifications" time="33.252"/>
  <testcase name="Verify the display of social meta tags" classname="Sourcecode verifications" time="33.943"/>
  <testcase name="Verify the display of social meta tags" classname="Sourcecode verifications" time="35.971"/>
  <testcase name="Verify the display of social meta tags" classname="Sourcecode verifications" time="34.709"/>
  <testcase name="Verify the display of social meta tags" classname="Sourcecode verifications" time="32.388"/>
  <testcase name="Verify the display of social meta tags" classname="Sourcecode verifications" time="32.062"/>
  <testcase name="Verify the display of social meta tags" classname="Sourcecode verifications" time="37.69"/>
  <testcase name="Verify the display of social meta tags" classname="Sourcecode verifications" time="40.051"/>
  <testcase name="Verify the strong tags in the website" classname="Sourcecode verifications" time="34.962"/>
  <testcase name="Verify the strong tags in the website" classname="Sourcecode verifications" time="30.199"/>
  <testcase name="Verify the strong tags in the website" classname="Sourcecode verifications" time="35.392"/>
  <testcase name="Verify the strong tags in the website" classname="Sourcecode verifications" time="33.179"/>
  <testcase name="Verify the strong tags in the website" classname="Sourcecode verifications" time="31.808"/>
  <testcase name="Verify the strong tags in the website" classname="Sourcecode verifications" time="44.95"/>
  <testcase name="Verify the strong tags in the website" classname="Sourcecode verifications" time="28.431"/>
  <testcase name="Verify the strong tags in the website" classname="Sourcecode verifications" time="38.033"/>
  <testcase name="Verify the strong tags in the website" classname="Sourcecode verifications" time="36.382"/>
  <testcase name="Verify the strong tags in the website" classname="Sourcecode verifications" time="32.988"/>
  <testcase name="Verify the strong tags in the website" classname="Sourcecode verifications" time="39.139"/>
  <testcase name="Verify the strong tags in the website" classname="Sourcecode verifications" time="38.59"/>
  <testcase name="Verify the strong tags in the website" classname="Sourcecode verifications" time="30.479"/>
  <testcase name="Verify the strong tags in the website" classname="Sourcecode verifications" time="38.314"/>
  <testcase name="Verify the strong tags in the website" classname="Sourcecode verifications" time="41.037"/>
  <testcase name="Verify the strong tags in the website" classname="Sourcecode verifications" time="35.138"/>
  <testcase name="Verify the strong tags in the website" classname="Sourcecode verifications" time="38.298"/>
  <testcase name="Verify the strong tags in the website" classname="Sourcecode verifications" time="40.091"/>
  <testcase name="Verify the strong tags in the website" classname="Sourcecode verifications" time="30.531"/>
  <testcase name="Verify the strong tags in the website" classname="Sourcecode verifications" time="32.578"/>
  <testcase name="Verify the strong tags in the website" classname="Sourcecode verifications" time="34.327"/>
  <testcase name="Verify the strong tags in the website" classname="Sourcecode verifications" time="85.288"/>
  <testcase name="Verify the strong tags in the website" classname="Sourcecode verifications" time="32.753"/>
  <testcase name="Verify the strong tags in the website" classname="Sourcecode verifications" time="85.379"/>
  <testcase name="Verify the strong tags in the website" classname="Sourcecode verifications" time="30.022"/>
  <testcase name="Verify the strong tags in the website" classname="Sourcecode verifications" time="27.418"/>
  <testcase name="Verify the strong tags in the website" classname="Sourcecode verifications" time="36.078"/>
  <testcase name="Verify the strong tags in the website" classname="Sourcecode verifications" time="29.51"/>
  <testcase name="Verify the strong tags in the website" classname="Sourcecode verifications" time="28.407"/>
  <testcase name="Verify the strong tags in the website" classname="Sourcecode verifications" time="30.699"/>
  <testcase name="Verify the strong tags in the website" classname="Sourcecode verifications" time="29.665"/>
  <testcase name="Verify the strong tags in the website" classname="Sourcecode verifications" time="27.055"/>
  <testcase name="Verify the strong tags in the website" classname="Sourcecode verifications" time="24.551"/>
  <testcase name="Verify the strong tags in the website" classname="Sourcecode verifications" time="29.161"/>
  <testcase name="Verify the strong tags in the website" classname="Sourcecode verifications" time="33.286"/>
  <testcase name="Verify the strong tags in the website" classname="Sourcecode verifications" time="28.772"/>
</testsuite>