<?xml version="1.0" encoding="UTF-8"?>
<testsuite xmlns:xsi="http://www.w3.org/2001/XMLSchema-instance" xsi:noNamespaceSchemaLocation="https://maven.apache.org/surefire/maven-surefire-plugin/xsd/surefire-test-report.xsd" name="cucumberOptions.TestRunner" time="46.922" tests="1" errors="1" skipped="0" failures="0">
  <properties>
    <property name="sun.desktop" value="windows"/>
    <property name="awt.toolkit" value="sun.awt.windows.WToolkit"/>
    <property name="file.encoding.pkg" value="sun.io"/>
    <property name="java.specification.version" value="1.8"/>
    <property name="sun.cpu.isalist" value="amd64"/>
    <property name="sun.jnu.encoding" value="Cp1252"/>
    <property name="java.class.path" value="C:\Users\ruvalcan\IdeaProjects\eCommerce\target\test-classes;C:\Users\ruvalcan\IdeaProjects\eCommerce\target\classes;C:\Users\ruvalcan\.m2\repository\junit\junit\4.11\junit-4.11.jar;C:\Users\ruvalcan\.m2\repository\org\hamcrest\hamcrest-core\1.3\hamcrest-core-1.3.jar;C:\Users\ruvalcan\.m2\repository\io\cucumber\cucumber-java\4.8.0\cucumber-java-4.8.0.jar;C:\Users\ruvalcan\.m2\repository\io\cucumber\cucumber-core\4.8.0\cucumber-core-4.8.0.jar;C:\Users\ruvalcan\.m2\repository\io\cucumber\tag-expressions\1.1.1\tag-expressions-1.1.1.jar;C:\Users\ruvalcan\.m2\repository\io\cucumber\cucumber-expressions\7.0.2\cucumber-expressions-7.0.2.jar;C:\Users\ruvalcan\.m2\repository\io\cucumber\datatable\1.1.14\datatable-1.1.14.jar;C:\Users\ruvalcan\.m2\repository\io\cucumber\datatable-dependencies\1.1.14\datatable-dependencies-1.1.14.jar;C:\Users\ruvalcan\.m2\repository\org\apiguardian\apiguardian-api\1.1.0\apiguardian-api-1.1.0.jar;C:\Users\ruvalcan\.m2\repository\io\cucumber\cucumber-junit\4.8.0\cucumber-junit-4.8.0.jar;C:\Users\ruvalcan\.m2\repository\org\seleniumhq\selenium\selenium-java\3.141.59\selenium-java-3.141.59.jar;C:\Users\ruvalcan\.m2\repository\org\seleniumhq\selenium\selenium-api\3.141.59\selenium-api-3.141.59.jar;C:\Users\ruvalcan\.m2\repository\org\seleniumhq\selenium\selenium-chrome-driver\3.141.59\selenium-chrome-driver-3.141.59.jar;C:\Users\ruvalcan\.m2\repository\org\seleniumhq\selenium\selenium-edge-driver\3.141.59\selenium-edge-driver-3.141.59.jar;C:\Users\ruvalcan\.m2\repository\org\seleniumhq\selenium\selenium-firefox-driver\3.141.59\selenium-firefox-driver-3.141.59.jar;C:\Users\ruvalcan\.m2\repository\org\seleniumhq\selenium\selenium-ie-driver\3.141.59\selenium-ie-driver-3.141.59.jar;C:\Users\ruvalcan\.m2\repository\org\seleniumhq\selenium\selenium-opera-driver\3.141.59\selenium-opera-driver-3.141.59.jar;C:\Users\ruvalcan\.m2\repository\org\seleniumhq\selenium\selenium-remote-driver\3.141.59\selenium-remote-driver-3.141.59.jar;C:\Users\ruvalcan\.m2\repository\org\seleniumhq\selenium\selenium-safari-driver\3.141.59\selenium-safari-driver-3.141.59.jar;C:\Users\ruvalcan\.m2\repository\org\seleniumhq\selenium\selenium-support\3.141.59\selenium-support-3.141.59.jar;C:\Users\ruvalcan\.m2\repository\net\bytebuddy\byte-buddy\1.8.15\byte-buddy-1.8.15.jar;C:\Users\ruvalcan\.m2\repository\org\apache\commons\commons-exec\1.3\commons-exec-1.3.jar;C:\Users\ruvalcan\.m2\repository\com\google\guava\guava\25.0-jre\guava-25.0-jre.jar;C:\Users\ruvalcan\.m2\repository\com\google\code\findbugs\jsr305\1.3.9\jsr305-1.3.9.jar;C:\Users\ruvalcan\.m2\repository\org\checkerframework\checker-compat-qual\2.0.0\checker-compat-qual-2.0.0.jar;C:\Users\ruvalcan\.m2\repository\com\google\errorprone\error_prone_annotations\2.1.3\error_prone_annotations-2.1.3.jar;C:\Users\ruvalcan\.m2\repository\com\google\j2objc\j2objc-annotations\1.1\j2objc-annotations-1.1.jar;C:\Users\ruvalcan\.m2\repository\org\codehaus\mojo\animal-sniffer-annotations\1.14\animal-sniffer-annotations-1.14.jar;C:\Users\ruvalcan\.m2\repository\com\squareup\okhttp3\okhttp\3.11.0\okhttp-3.11.0.jar;C:\Users\ruvalcan\.m2\repository\com\squareup\okio\okio\1.14.0\okio-1.14.0.jar;C:\Users\ruvalcan\.m2\repository\de\monochromata\cucumber\reporting-plugin\3.0.17\reporting-plugin-3.0.17.jar;C:\Users\ruvalcan\.m2\repository\io\cucumber\gherkin\5.1.0\gherkin-5.1.0.jar;C:\Users\ruvalcan\.m2\repository\io\cucumber\gherkin-jvm-deps\1.0.4\gherkin-jvm-deps-1.0.4.jar;C:\Users\ruvalcan\.m2\repository\net\masterthought\cucumber-reporting\4.11.2\cucumber-reporting-4.11.2.jar;C:\Users\ruvalcan\.m2\repository\com\fasterxml\jackson\core\jackson-databind\2.9.9.3\jackson-databind-2.9.9.3.jar;C:\Users\ruvalcan\.m2\repository\com\fasterxml\jackson\core\jackson-annotations\2.9.0\jackson-annotations-2.9.0.jar;C:\Users\ruvalcan\.m2\repository\com\fasterxml\jackson\core\jackson-core\2.9.9\jackson-core-2.9.9.jar;C:\Users\ruvalcan\.m2\repository\org\apache\velocity\velocity\1.7\velocity-1.7.jar;C:\Users\ruvalcan\.m2\repository\commons-lang\commons-lang\2.4\commons-lang-2.4.jar;C:\Users\ruvalcan\.m2\repository\commons-collections\commons-collections\3.2.2\commons-collections-3.2.2.jar;C:\Users\ruvalcan\.m2\repository\velocity-tools\velocity-tools\1.4\velocity-tools-1.4.jar;C:\Users\ruvalcan\.m2\repository\joda-time\joda-time\2.10.2\joda-time-2.10.2.jar;C:\Users\ruvalcan\.m2\repository\org\apache\commons\commons-lang3\3.9\commons-lang3-3.9.jar;C:\Users\ruvalcan\.m2\repository\commons-io\commons-io\2.6\commons-io-2.6.jar;C:\Users\ruvalcan\.m2\repository\org\codehaus\plexus\plexus-utils\3.2.0\plexus-utils-3.2.0.jar;C:\Users\ruvalcan\.m2\repository\org\jsoup\jsoup\1.12.1\jsoup-1.12.1.jar;C:\Users\ruvalcan\.m2\repository\com\googlecode\owasp-java-html-sanitizer\owasp-java-html-sanitizer\20190610.1\owasp-java-html-sanitizer-20190610.1.jar;C:\Users\ruvalcan\.m2\repository\commons-configuration\commons-configuration\1.10\commons-configuration-1.10.jar;C:\Users\ruvalcan\.m2\repository\commons-logging\commons-logging\1.1.1\commons-logging-1.1.1.jar;"/>
    <property name="java.vm.vendor" value="Oracle Corporation"/>
    <property name="sun.arch.data.model" value="64"/>
    <property name="user.variant" value=""/>
    <property name="java.vendor.url" value="http://java.oracle.com/"/>
    <property name="user.timezone" value="America/Mexico_City"/>
    <property name="user.country.format" value="MX"/>
    <property name="java.vm.specification.version" value="1.8"/>
    <property name="os.name" value="Windows 10"/>
    <property name="user.country" value="US"/>
    <property name="sun.java.launcher" value="SUN_STANDARD"/>
    <property name="sun.boot.library.path" value="C:\Program Files\Java\jdk1.8.0_221\jre\bin"/>
    <property name="sun.java.command" value="C:\Users\ruvalcan\AppData\Local\Temp\surefire8006153345654550942\surefirebooter1057312106721868836.jar C:\Users\ruvalcan\AppData\Local\Temp\surefire8006153345654550942 2020-01-21T15-48-26_421-jvmRun1 surefire4880789911437148413tmp surefire_05835627239897360100tmp"/>
    <property name="surefire.test.class.path" value="C:\Users\ruvalcan\IdeaProjects\eCommerce\target\test-classes;C:\Users\ruvalcan\IdeaProjects\eCommerce\target\classes;C:\Users\ruvalcan\.m2\repository\junit\junit\4.11\junit-4.11.jar;C:\Users\ruvalcan\.m2\repository\org\hamcrest\hamcrest-core\1.3\hamcrest-core-1.3.jar;C:\Users\ruvalcan\.m2\repository\io\cucumber\cucumber-java\4.8.0\cucumber-java-4.8.0.jar;C:\Users\ruvalcan\.m2\repository\io\cucumber\cucumber-core\4.8.0\cucumber-core-4.8.0.jar;C:\Users\ruvalcan\.m2\repository\io\cucumber\tag-expressions\1.1.1\tag-expressions-1.1.1.jar;C:\Users\ruvalcan\.m2\repository\io\cucumber\cucumber-expressions\7.0.2\cucumber-expressions-7.0.2.jar;C:\Users\ruvalcan\.m2\repository\io\cucumber\datatable\1.1.14\datatable-1.1.14.jar;C:\Users\ruvalcan\.m2\repository\io\cucumber\datatable-dependencies\1.1.14\datatable-dependencies-1.1.14.jar;C:\Users\ruvalcan\.m2\repository\org\apiguardian\apiguardian-api\1.1.0\apiguardian-api-1.1.0.jar;C:\Users\ruvalcan\.m2\repository\io\cucumber\cucumber-junit\4.8.0\cucumber-junit-4.8.0.jar;C:\Users\ruvalcan\.m2\repository\org\seleniumhq\selenium\selenium-java\3.141.59\selenium-java-3.141.59.jar;C:\Users\ruvalcan\.m2\repository\org\seleniumhq\selenium\selenium-api\3.141.59\selenium-api-3.141.59.jar;C:\Users\ruvalcan\.m2\repository\org\seleniumhq\selenium\selenium-chrome-driver\3.141.59\selenium-chrome-driver-3.141.59.jar;C:\Users\ruvalcan\.m2\repository\org\seleniumhq\selenium\selenium-edge-driver\3.141.59\selenium-edge-driver-3.141.59.jar;C:\Users\ruvalcan\.m2\repository\org\seleniumhq\selenium\selenium-firefox-driver\3.141.59\selenium-firefox-driver-3.141.59.jar;C:\Users\ruvalcan\.m2\repository\org\seleniumhq\selenium\selenium-ie-driver\3.141.59\selenium-ie-driver-3.141.59.jar;C:\Users\ruvalcan\.m2\repository\org\seleniumhq\selenium\selenium-opera-driver\3.141.59\selenium-opera-driver-3.141.59.jar;C:\Users\ruvalcan\.m2\repository\org\seleniumhq\selenium\selenium-remote-driver\3.141.59\selenium-remote-driver-3.141.59.jar;C:\Users\ruvalcan\.m2\repository\org\seleniumhq\selenium\selenium-safari-driver\3.141.59\selenium-safari-driver-3.141.59.jar;C:\Users\ruvalcan\.m2\repository\org\seleniumhq\selenium\selenium-support\3.141.59\selenium-support-3.141.59.jar;C:\Users\ruvalcan\.m2\repository\net\bytebuddy\byte-buddy\1.8.15\byte-buddy-1.8.15.jar;C:\Users\ruvalcan\.m2\repository\org\apache\commons\commons-exec\1.3\commons-exec-1.3.jar;C:\Users\ruvalcan\.m2\repository\com\google\guava\guava\25.0-jre\guava-25.0-jre.jar;C:\Users\ruvalcan\.m2\repository\com\google\code\findbugs\jsr305\1.3.9\jsr305-1.3.9.jar;C:\Users\ruvalcan\.m2\repository\org\checkerframework\checker-compat-qual\2.0.0\checker-compat-qual-2.0.0.jar;C:\Users\ruvalcan\.m2\repository\com\google\errorprone\error_prone_annotations\2.1.3\error_prone_annotations-2.1.3.jar;C:\Users\ruvalcan\.m2\repository\com\google\j2objc\j2objc-annotations\1.1\j2objc-annotations-1.1.jar;C:\Users\ruvalcan\.m2\repository\org\codehaus\mojo\animal-sniffer-annotations\1.14\animal-sniffer-annotations-1.14.jar;C:\Users\ruvalcan\.m2\repository\com\squareup\okhttp3\okhttp\3.11.0\okhttp-3.11.0.jar;C:\Users\ruvalcan\.m2\repository\com\squareup\okio\okio\1.14.0\okio-1.14.0.jar;C:\Users\ruvalcan\.m2\repository\de\monochromata\cucumber\reporting-plugin\3.0.17\reporting-plugin-3.0.17.jar;C:\Users\ruvalcan\.m2\repository\io\cucumber\gherkin\5.1.0\gherkin-5.1.0.jar;C:\Users\ruvalcan\.m2\repository\io\cucumber\gherkin-jvm-deps\1.0.4\gherkin-jvm-deps-1.0.4.jar;C:\Users\ruvalcan\.m2\repository\net\masterthought\cucumber-reporting\4.11.2\cucumber-reporting-4.11.2.jar;C:\Users\ruvalcan\.m2\repository\com\fasterxml\jackson\core\jackson-databind\2.9.9.3\jackson-databind-2.9.9.3.jar;C:\Users\ruvalcan\.m2\repository\com\fasterxml\jackson\core\jackson-annotations\2.9.0\jackson-annotations-2.9.0.jar;C:\Users\ruvalcan\.m2\repository\com\fasterxml\jackson\core\jackson-core\2.9.9\jackson-core-2.9.9.jar;C:\Users\ruvalcan\.m2\repository\org\apache\velocity\velocity\1.7\velocity-1.7.jar;C:\Users\ruvalcan\.m2\repository\commons-lang\commons-lang\2.4\commons-lang-2.4.jar;C:\Users\ruvalcan\.m2\repository\commons-collections\commons-collections\3.2.2\commons-collections-3.2.2.jar;C:\Users\ruvalcan\.m2\repository\velocity-tools\velocity-tools\1.4\velocity-tools-1.4.jar;C:\Users\ruvalcan\.m2\repository\joda-time\joda-time\2.10.2\joda-time-2.10.2.jar;C:\Users\ruvalcan\.m2\repository\org\apache\commons\commons-lang3\3.9\commons-lang3-3.9.jar;C:\Users\ruvalcan\.m2\repository\commons-io\commons-io\2.6\commons-io-2.6.jar;C:\Users\ruvalcan\.m2\repository\org\codehaus\plexus\plexus-utils\3.2.0\plexus-utils-3.2.0.jar;C:\Users\ruvalcan\.m2\repository\org\jsoup\jsoup\1.12.1\jsoup-1.12.1.jar;C:\Users\ruvalcan\.m2\repository\com\googlecode\owasp-java-html-sanitizer\owasp-java-html-sanitizer\20190610.1\owasp-java-html-sanitizer-20190610.1.jar;C:\Users\ruvalcan\.m2\repository\commons-configuration\commons-configuration\1.10\commons-configuration-1.10.jar;C:\Users\ruvalcan\.m2\repository\commons-logging\commons-logging\1.1.1\commons-logging-1.1.1.jar;"/>
    <property name="sun.cpu.endian" value="little"/>
    <property name="user.home" value="C:\Users\ruvalcan"/>
    <property name="user.language" value="en"/>
    <property name="java.specification.vendor" value="Oracle Corporation"/>
    <property name="java.home" value="C:\Program Files\Java\jdk1.8.0_221\jre"/>
    <property name="basedir" value="C:\Users\ruvalcan\IdeaProjects\eCommerce"/>
    <property name="file.separator" value="\"/>
    <property name="line.separator" value="&#10;"/>
    <property name="java.vm.specification.vendor" value="Oracle Corporation"/>
    <property name="java.specification.name" value="Java Platform API Specification"/>
    <property name="java.awt.graphicsenv" value="sun.awt.Win32GraphicsEnvironment"/>
    <property name="surefire.real.class.path" value="C:\Users\ruvalcan\AppData\Local\Temp\surefire8006153345654550942\surefirebooter1057312106721868836.jar"/>
    <property name="sun.boot.class.path" value="C:\Program Files\Java\jdk1.8.0_221\jre\lib\resources.jar;C:\Program Files\Java\jdk1.8.0_221\jre\lib\rt.jar;C:\Program Files\Java\jdk1.8.0_221\jre\lib\sunrsasign.jar;C:\Program Files\Java\jdk1.8.0_221\jre\lib\jsse.jar;C:\Program Files\Java\jdk1.8.0_221\jre\lib\jce.jar;C:\Program Files\Java\jdk1.8.0_221\jre\lib\charsets.jar;C:\Program Files\Java\jdk1.8.0_221\jre\lib\jfr.jar;C:\Program Files\Java\jdk1.8.0_221\jre\classes"/>
    <property name="user.script" value=""/>
    <property name="sun.management.compiler" value="HotSpot 64-Bit Tiered Compilers"/>
    <property name="java.runtime.version" value="1.8.0_221-b11"/>
    <property name="user.name" value="ruvalcan"/>
    <property name="path.separator" value=";"/>
    <property name="os.version" value="10.0"/>
    <property name="java.endorsed.dirs" value="C:\Program Files\Java\jdk1.8.0_221\jre\lib\endorsed"/>
    <property name="java.runtime.name" value="Java(TM) SE Runtime Environment"/>
    <property name="file.encoding" value="Cp1252"/>
    <property name="java.vm.name" value="Java HotSpot(TM) 64-Bit Server VM"/>
    <property name="localRepository" value="C:\Users\ruvalcan\.m2\repository"/>
    <property name="cucumber.options" value="--tags @SourceMetaTag"/>
    <property name="java.vendor.url.bug" value="http://bugreport.sun.com/bugreport/"/>
    <property name="java.io.tmpdir" value="C:\Users\ruvalcan\AppData\Local\Temp\"/>
    <property name="java.version" value="1.8.0_221"/>
    <property name="user.dir" value="C:\Users\ruvalcan\IdeaProjects\eCommerce"/>
    <property name="os.arch" value="amd64"/>
    <property name="java.vm.specification.name" value="Java Virtual Machine Specification"/>
    <property name="java.awt.printerjob" value="sun.awt.windows.WPrinterJob"/>
    <property name="user.language.format" value="es"/>
    <property name="sun.os.patch.level" value=""/>
    <property name="java.library.path" value="C:\Program Files\Java\jdk1.8.0_221\jre\bin;C:\windows\Sun\Java\bin;C:\windows\system32;C:\windows;C:\Program Files (x86)\Common Files\Oracle\Java\javapath;C:\Program Files (x86)\Intel\Intel(R) Management Engine Components\iCLS\;C:\Program Files\Intel\Intel(R) Management Engine Components\iCLS\;C:\windows\system32;C:\windows;C:\windows\System32\Wbem;C:\windows\System32\WindowsPowerShell\v1.0\;C:\Program Files (x86)\Intel\Intel(R) Management Engine Components\DAL;C:\Program Files\Intel\Intel(R) Management Engine Components\DAL;C:\Program Files (x86)\Intel\Intel(R) Management Engine Components\IPT;C:\Program Files\Intel\Intel(R) Management Engine Components\IPT;C:\Program Files\nodejs\;C:\Program Files\Git\cmd;C:\Users\ruvalcan\AppData\Roaming\Microsoft\Windows\Start Menu\Programs\Python 3.8;C:\Users\ruvalcan\AppData\Local\Programs\Python\Python38-32;C:\Users\ruvalcan\PycharmProjects\pythonFramework;%PyCharm Community Edition%;C:\Python27;C:\Users\ruvalcan\Downloads\selenium_lib;C:\Users\ruvalcan\Downloads\selenium_lib\old;C:\Users\ruvalcan\AppData\Local\Programs\Python\Python38-32\Scripts\;C:\Users\ruvalcan\AppData\Local\Programs\Python\Python38-32\;C:\Users\ruvalcan\AppData\Local\Microsoft\WindowsApps;C:\Users\ruvalcan\AppData\Local\Programs\Microsoft VS Code\bin;C:\Users\ruvalcan\AppData\Roaming\npm;C:\Program Files\nodejs;C:\Program Files\MongoDB\Server\4.2\bin;C:\Program Files\Java\jdk1.8.0_221\bin;C:\Program Files\Java\jre1.8.0_221\bin;C:\Program Files\JetBrains\PyCharm Community Edition 2019.3.1\bin;;C:\Program Files\JetBrains\IntelliJ IDEA Community Edition 2019.3.1\bin;;C:\Program Files\apache-maven-3.6.3\bin;;."/>
    <property name="java.vm.info" value="mixed mode"/>
    <property name="java.vendor" value="Oracle Corporation"/>
    <property name="java.vm.version" value="25.221-b11"/>
    <property name="java.ext.dirs" value="C:\Program Files\Java\jdk1.8.0_221\jre\lib\ext;C:\windows\Sun\Java\lib\ext"/>
    <property name="sun.io.unicode.encoding" value="UnicodeLittle"/>
    <property name="java.class.version" value="52.0"/>
  </properties>
  <testcase name="Verify the meta tag &quot;Robots&quot; is found" classname="Search for a meta tag" time="45.427">
    <error message="Could not convert arguments for step [^verify content is &quot;([^&quot;]*)&quot;$] defined at &apos;stepDefinitions.SearchMetaTag.verify_content_is_something(String&gt;) in file:/C:/Users/ruvalcan/IdeaProjects/eCommerce/target/test-classes/&apos;.&#10;The details are in the stacktrace below." type="cucumber.runtime.CucumberException"><![CDATA[cucumber.runtime.CucumberException: 
Could not convert arguments for step [^verify content is "([^"]*)"$] defined at 'stepDefinitions.SearchMetaTag.verify_content_is_something(String>) in file:/C:/Users/ruvalcan/IdeaProjects/eCommerce/target/test-classes/'.
The details are in the stacktrace below.
Caused by: io.cucumber.cucumberexpressions.CucumberExpressionException: ParameterType {anonymous} failed to transform [follow, index] to java.util.List<java.lang.String>
Caused by: java.lang.IllegalArgumentException: 
Can't transform 'follow, index' to java.util.List<java.lang.String>
BuiltInParameterTransformer only supports a limited number of class types
Consider using a different object mapper or register a parameter type for java.util.List<java.lang.String>
]]></error>
    <system-out><![CDATA[Feature: Search for a meta tag

  @SourceMetaTag
  Scenario Outline: Verify the meta tag "Robots" is found &amp#27;[90m# src/test/java/features/SourceCodeMetaTag.feature:5&amp#27;[0m
    &amp#27;[36mGiven User is on the homepage with <link> and login&amp#27;[0m
    &amp#27;[36mAnd Navigate to "PLP/PDP" page&amp#27;[0m
    &amp#27;[36mAnd Get the source code elements&amp#27;[0m
    &amp#27;[36mThen Search for the "robot meta tag" name&amp#27;[0m
    &amp#27;[36mAnd verify content is "follow, index"&amp#27;[0m
    &amp#27;[36mAnd Verify for checkout pages meta tag is "nofollow,noindex"&amp#27;[0m

    Examples: 

  @SourceMetaTag
  Scenario Outline: Verify the meta tag "Robots" is found                      &amp#27;[90m# src/test/java/features/SourceCodeMetaTag.feature:15&amp#27;[0m
C:\Users\ruvalcan\IdeaProjects\eCommerce
Header Menu is loaded
    &amp#27;[32mGiven &amp#27;[0m&amp#27;[32mUser is on the homepage with &amp#27;[0m&amp#27;[32m&amp#27;[1mhttps://uat.buy.hpe.com/ca/fr and login&amp#27;[0m &amp#27;[90m# SearchMetaTag.user_is_on_the_homepage_with(String)&amp#27;[0m
    &amp#27;[32mAnd &amp#27;[0m&amp#27;[32mNavigate to &amp#27;[0m&amp#27;[32m&amp#27;[1m"PLP/PDP"&amp#27;[0m&amp#27;[32m page&amp#27;[0m                                             &amp#27;[90m# SearchMetaTag.navigateToPage(String)&amp#27;[0m
    &amp#27;[32mAnd &amp#27;[0m&amp#27;[32mGet the source code elements&amp#27;[0m                                           &amp#27;[90m# SearchMetaTag.get_the_source_code_elements()&amp#27;[0m
Product opened successfully
    &amp#27;[32mThen &amp#27;[0m&amp#27;[32mSearch for the "&amp#27;[0m&amp#27;[32m&amp#27;[1mrobot meta tag&amp#27;[0m&amp#27;[32m" name&amp#27;[0m                                  &amp#27;[90m# SearchMetaTag.search_for_the_something_name(String)&amp#27;[0m
    &amp#27;[31mAnd &amp#27;[0m&amp#27;[31mverify content is "&amp#27;[0m&amp#27;[31m&amp#27;[1mfollow, index&amp#27;[0m&amp#27;[31m"&amp#27;[0m                                      &amp#27;[90m# SearchMetaTag.verify_content_is_something(String>)&amp#27;[0m
      &amp#27;[31mcucumber.runtime.CucumberException: Could not convert arguments for step [^verify content is "([^"]*)"$] defined at 'stepDefinitions.SearchMetaTag.verify_content_is_something(String>) in file:/C:/Users/ruvalcan/IdeaProjects/eCommerce/target/test-classes/'.
The details are in the stacktrace below.
	at cucumber.runner.PickleStepDefinitionMatch.couldNotConvertArguments(PickleStepDefinitionMatch.java:69)
	at cucumber.runner.PickleStepDefinitionMatch.runStep(PickleStepDefinitionMatch.java:46)
	at cucumber.runner.TestStep.executeStep(TestStep.java:65)
	at cucumber.runner.TestStep.run(TestStep.java:50)
	at cucumber.runner.PickleStepTestStep.run(PickleStepTestStep.java:43)
	at cucumber.runner.TestCase.run(TestCase.java:46)
	at cucumber.runner.Runner.runPickle(Runner.java:50)
	at io.cucumber.junit.PickleRunners$NoStepDescriptions.run(PickleRunners.java:146)
	at io.cucumber.junit.FeatureRunner.runChild(FeatureRunner.java:68)
	at io.cucumber.junit.FeatureRunner.runChild(FeatureRunner.java:23)
	at org.junit.runners.ParentRunner$3.run(ParentRunner.java:238)
	at org.junit.runners.ParentRunner$1.schedule(ParentRunner.java:63)
	at org.junit.runners.ParentRunner.runChildren(ParentRunner.java:236)
	at org.junit.runners.ParentRunner.access$000(ParentRunner.java:53)
	at org.junit.runners.ParentRunner$2.evaluate(ParentRunner.java:229)
	at org.junit.runners.ParentRunner.run(ParentRunner.java:309)
	at io.cucumber.junit.Cucumber.runChild(Cucumber.java:144)
	at io.cucumber.junit.Cucumber.runChild(Cucumber.java:65)
	at org.junit.runners.ParentRunner$3.run(ParentRunner.java:238)
	at org.junit.runners.ParentRunner$1.schedule(ParentRunner.java:63)
	at org.junit.runners.ParentRunner.runChildren(ParentRunner.java:236)
	at org.junit.runners.ParentRunner.access$000(ParentRunner.java:53)
	at org.junit.runners.ParentRunner$2.evaluate(ParentRunner.java:229)
	at io.cucumber.junit.Cucumber$RunCucumber.evaluate(Cucumber.java:174)
	at org.junit.runners.ParentRunner.run(ParentRunner.java:309)
	at org.apache.maven.surefire.junit4.JUnit4Provider.execute(JUnit4Provider.java:365)
	at org.apache.maven.surefire.junit4.JUnit4Provider.executeWithRerun(JUnit4Provider.java:273)
	at org.apache.maven.surefire.junit4.JUnit4Provider.executeTestSet(JUnit4Provider.java:238)
	at org.apache.maven.surefire.junit4.JUnit4Provider.invoke(JUnit4Provider.java:159)
	at org.apache.maven.surefire.booter.ForkedBooter.invokeProviderInSameClassLoader(ForkedBooter.java:384)
	at org.apache.maven.surefire.booter.ForkedBooter.runSuitesInProcess(ForkedBooter.java:345)
	at org.apache.maven.surefire.booter.ForkedBooter.execute(ForkedBooter.java:126)
	at org.apache.maven.surefire.booter.ForkedBooter.main(ForkedBooter.java:418)
Caused by: io.cucumber.cucumberexpressions.CucumberExpressionException: ParameterType {anonymous} failed to transform [follow, index] to java.util.List<java.lang.String>
	at io.cucumber.cucumberexpressions.ParameterType.transform(ParameterType.java:190)
	at io.cucumber.cucumberexpressions.Argument.getValue(Argument.java:64)
	at io.cucumber.stepexpression.ExpressionArgument.getValue(ExpressionArgument.java:15)
	at cucumber.runner.PickleStepDefinitionMatch.runStep(PickleStepDefinitionMatch.java:41)
	... 31 more
Caused by: java.lang.IllegalArgumentException: Can't transform 'follow, index' to java.util.List<java.lang.String>
BuiltInParameterTransformer only supports a limited number of class types
Consider using a different object mapper or register a parameter type for java.util.List<java.lang.String>
	at io.cucumber.cucumberexpressions.BuiltInParameterTransformer.createIllegalArgumentException(BuiltInParameterTransformer.java:87)
	at io.cucumber.cucumberexpressions.BuiltInParameterTransformer.transform(BuiltInParameterTransformer.java:22)
	at io.cucumber.cucumberexpressions.ObjectMapperTransformer.transform(ObjectMapperTransformer.java:18)
	at io.cucumber.cucumberexpressions.ParameterType$TransformerAdaptor.transform(ParameterType.java:215)
	at io.cucumber.cucumberexpressions.ParameterType.transform(ParameterType.java:186)
	... 34 more
&amp#27;[0m
    &amp#27;[36mAnd &amp#27;[0m&amp#27;[36mVerify for checkout pages meta tag is "&amp#27;[0m&amp#27;[36m&amp#27;[1mnofollow,noindex&amp#27;[0m&amp#27;[36m"&amp#27;[0m               &amp#27;[90m# SearchMetaTag.verify_for_checkout_pages_is_something(String>)&amp#27;[0m
]]></system-out>
    <system-err><![CDATA[Starting ChromeDriver 78.0.3904.70 (edb9c9f3de0247fd912a77b7f6cae7447f6d3ad5-refs/branch-heads/3904@{#800}) on port 34253
Only local connections are allowed.
Please protect ports used by ChromeDriver and related test frameworks to prevent access by malicious code.
[1579643309.601][WARNING]: This version of ChromeDriver has not been tested with Chrome version 79.
ene 21, 2020 3:48:30 PM org.openqa.selenium.remote.ProtocolHandshake createSession
INFO: Detected dialect: W3C
]]></system-err>
  </testcase>
</testsuite>